<?xml version="1.0" encoding="UTF-8"?>
<!-- Generated by org.testng.reporters.JUnitXMLReporter -->
<testsuite ignored="1" hostname="DESKTOP-5MTP625" failures="0" tests="2" name="android" time="12.899" errors="0" timestamp="2023-12-04T15:16:13 EET">
  <testcase classname="testcases.LoginTest" name="openSignUpTC" time="1.149"/>
  <testcase classname="testcases.RegisterTest" name="registerAccountTC" time="3.892"/>
  <testcase classname="base.TestBase" name="@BeforeTest beforeTest" time="0.0">
    <ignored/>
  </testcase> <!-- @BeforeTest beforeTest -->
</testsuite> <!-- android -->
